2024-05-17.17:47:51 - [INFO] NUEVA SESION
2024-05-17.17:47:51 - [INFO] Winsock inicializado
2024-05-17.17:47:51 - [INFO] Socket creado
2024-05-17.17:47:51 - [INFO] Cliente conectado
2024-05-17.17:47:51 - [INFO] Se muestra el menu principal
2024-05-17.17:49:16 - [INFO] NUEVA SESION
2024-05-17.17:49:16 - [INFO] Winsock inicializado
2024-05-17.17:49:16 - [INFO] Socket creado
2024-05-17.17:49:16 - [INFO] Cliente conectado
2024-05-17.17:49:16 - [INFO] Se muestra el menu principal
2024-05-17.17:51:54 - [INFO] NUEVA SESION
2024-05-17.17:51:54 - [INFO] Winsock inicializado
2024-05-17.17:51:54 - [INFO] Socket creado
2024-05-17.17:51:56 - [ERROR] Error conectando cliente
2024-05-17.17:52:03 - [INFO] NUEVA SESION
2024-05-17.17:52:03 - [INFO] Winsock inicializado
2024-05-17.17:52:03 - [INFO] Socket creado
2024-05-17.17:52:03 - [INFO] Cliente conectado
2024-05-17.17:52:03 - [INFO] Se muestra el menu principal
2024-05-17.17:54:59 - [INFO] NUEVA SESION
2024-05-17.17:54:59 - [INFO] Winsock inicializado
2024-05-17.17:54:59 - [INFO] Socket creado
2024-05-17.17:55:01 - [ERROR] Error conectando cliente
2024-05-17.17:55:05 - [INFO] NUEVA SESION
2024-05-17.17:55:05 - [INFO] Winsock inicializado
2024-05-17.17:55:05 - [INFO] Socket creado
2024-05-17.17:55:05 - [INFO] Cliente conectado
2024-05-17.17:55:05 - [INFO] Se muestra el menu principal
2024-05-17.17:55:07 - [INFO] Opcion 2 elegida
2024-05-17.17:55:07 - [INFO] Se muestra el menu del inicio de administrador
2024-05-17.17:55:10 - [INFO] Opcion 1 elegida
2024-05-17.17:56:26 - [INFO] NUEVA SESION
2024-05-17.17:56:26 - [INFO] Winsock inicializado
2024-05-17.17:56:26 - [INFO] Socket creado
2024-05-17.17:56:26 - [INFO] Cliente conectado
2024-05-17.17:56:26 - [INFO] Se muestra el menu principal
2024-05-17.17:56:28 - [INFO] Opcion 2 elegida
2024-05-17.17:56:28 - [INFO] Se muestra el menu del inicio de administrador
2024-05-17.17:56:29 - [INFO] Opcion 1 elegida
2024-05-17.17:58:33 - [INFO] NUEVA SESION
2024-05-17.17:58:33 - [INFO] Winsock inicializado
2024-05-17.17:58:33 - [INFO] Socket creado
2024-05-17.17:58:33 - [INFO] Cliente conectado
2024-05-17.17:58:33 - [INFO] Se muestra el menu principal
2024-05-17.17:58:35 - [INFO] Opcion 2 elegida
2024-05-17.17:58:35 - [INFO] Se muestra el menu del inicio de administrador
2024-05-17.17:58:36 - [INFO] Opcion 1 elegida
2024-05-17.17:58:51 - [INFO] Se muestra el menu principal de administrador
2024-05-17.17:58:54 - [INFO] Opcion 1 elegida
2024-05-17.17:58:54 - [INFO] Se visualizan los clientes
2024-05-17.17:58:54 - [INFO] Se muestra el menu principal de administrador
2024-05-17.17:58:58 - [INFO] Opcion 2 elegida
2024-05-17.17:58:58 - [INFO] Se muestra la lista de reservas
2024-05-17.17:58:58 - [INFO] Se muestra el menu principal de administrador
2024-05-17.17:59:00 - [INFO] Opcion 4 elegida
2024-05-17.17:59:00 - [INFO] Se muestra la lista de habitaciones
2024-05-17.17:59:00 - [INFO] Se muestra el menu principal de administrador
2024-05-17.17:59:07 - [INFO] Opcion 7 elegida
2024-05-17.17:59:07 - [INFO] Se muestra la lista de plazas de parking
2024-05-17.17:59:07 - [INFO] Se muestra el menu principal de administrador
